<?xml version="1.0" encoding="UTF-8"?>
<!-- Generated by org.testng.reporters.JUnitXMLReporter -->
<testsuite hostname="Shri-PC" ignored="1" name="Test" tests="6" failures="0" timestamp="23 Oct 2021 05:13:07 GMT" time="5.524" errors="0">
  <testcase name="verifyTitle" time="0.065" classname="com.tests.LoginTest"/>
  <testcase name="invalidLoginTest" time="1.997" classname="com.tests.LoginTest"/>
  <testcase name="loginTest" time="2.604" classname="com.tests.LoginTest"/>
  <testcase name="verifyCourses" time="0.19" classname="com.tests.DashboardTest"/>
  <testcase name="userClick" time="0.558" classname="com.tests.DashboardTest"/>
  <testcase name="verifyTableRows" time="0.039" classname="com.tests.UserTest"/>
  <testcase name="@BeforeSuite setUp" time="0.0" classname="com.base.BaseClass">
    <ignored/>
  </testcase> <!-- @BeforeSuite setUp -->
</testsuite> <!-- Test -->
